Traceback (most recent call last):
  File "/scratch/zz3645/rot_MRBC_wider/wider_rot_mrbc.ipynb", line 1354, in <module>
    "execution_count": null,
NameError: name 'null' is not defined
Traceback (most recent call last):
  File "/scratch/zz3645/rot_MRBC_wider/wider_rot_mrbc.ipynb", line 1354, in <module>
    "execution_count": null,
NameError: name 'null' is not defined
Traceback (most recent call last):
  File "/scratch/zz3645/rot_MRBC_wider/wider_rot_mrbc.ipynb", line 1354, in <module>
    "execution_count": null,
NameError: name 'null' is not defined
Traceback (most recent call last):
  File "/scratch/zz3645/rot_MRBC_wider/wider_rot_mrbc.ipynb", line 1354, in <module>
    "execution_count": null,
NameError: name 'null' is not defined
Traceback (most recent call last):
  File "/scratch/zz3645/rot_MRBC_wider/wider_rot_mrbc.ipynb", line 1354, in <module>
    "execution_count": null,
NameError: name 'null' is not defined
Traceback (most recent call last):
  File "/scratch/zz3645/rot_MRBC_wider/wider_rot_mrbc.ipynb", line 1354, in <module>
    "execution_count": null,
NameError: name 'null' is not defined
Traceback (most recent call last):
  File "/scratch/zz3645/rot_MRBC_wider/wider_rot_mrbc.ipynb", line 1354, in <module>
    "execution_count": null,
NameError: name 'null' is not defined
Traceback (most recent call last):
  File "/scratch/zz3645/rot_MRBC_wider/wider_rot_mrbc.ipynb", line 1354, in <module>
    "execution_count": null,
NameError: name 'null' is not defined
Traceback (most recent call last):
  File "/scratch/zz3645/rot_MRBC_wider/wider_rot_mrbc.ipynb", line 1354, in <module>
    "execution_count": null,
NameError: name 'null' is not defined
Traceback (most recent call last):
  File "/scratch/zz3645/rot_MRBC_wider/wider_rot_mrbc.ipynb", line 1354, in <module>
Traceback (most recent call last):
  File "/scratch/zz3645/rot_MRBC_wider/wider_rot_mrbc.ipynb", line 1354, in <module>
Traceback (most recent call last):
  File "/scratch/zz3645/rot_MRBC_wider/wider_rot_mrbc.ipynb", line 1354, in <module>
    "execution_count": null,
NameError: name 'null' is not defined
Traceback (most recent call last):
  File "/scratch/zz3645/rot_MRBC_wider/wider_rot_mrbc.ipynb", line 1354, in <module>
    "execution_count": null,
NameError: name 'null' is not defined
    "execution_count": null,
NameError: name 'null' is not defined
Traceback (most recent call last):
  File "/scratch/zz3645/rot_MRBC_wider/wider_rot_mrbc.ipynb", line 1354, in <module>
    "execution_count": null,
NameError: name 'null' is not defined
    "execution_count": null,
NameError: name 'null' is not defined
Traceback (most recent call last):
  File "/scratch/zz3645/rot_MRBC_wider/wider_rot_mrbc.ipynb", line 1354, in <module>
    "execution_count": null,
NameError: name 'null' is not defined
Traceback (most recent call last):
  File "/scratch/zz3645/rot_MRBC_wider/wider_rot_mrbc.ipynb", line 1354, in <module>
    "execution_count": null,
NameError: name 'null' is not defined
srun: error: cs443: tasks 80-84,88: Exited with exit code 1
srun: launch/slurm: _step_signal: Terminating StepId=39271648.0
slurmstepd: error: *** STEP 39271648.0 ON cs267 CANCELLED AT 2023-10-26T14:25:47 ***
Traceback (most recent call last):
  File "/scratch/zz3645/rot_MRBC_wider/wider_rot_mrbc.ipynb", line 1354, in <module>
    "execution_count": null,
NameError: name 'null' is not defined
Traceback (most recent call last):
  File "/scratch/zz3645/rot_MRBC_wider/wider_rot_mrbc.ipynb", line 1354, in <module>
    "execution_count": null,
NameError: name 'null' is not defined
Traceback (most recent call last):
  File "/scratch/zz3645/rot_MRBC_wider/wider_rot_mrbc.ipynb", line 1354, in <module>
    "execution_count": null,
NameError: name 'null' is not defined
Traceback (most recent call last):
  File "/scratch/zz3645/rot_MRBC_wider/wider_rot_mrbc.ipynb", line 1354, in <module>
    "execution_count": null,
NameError: name 'null' is not defined
Traceback (most recent call last):
  File "/scratch/zz3645/rot_MRBC_wider/wider_rot_mrbc.ipynb", line 1354, in <module>
    "execution_count": null,
NameError: name 'null' is not defined
Traceback (most recent call last):
  File "/scratch/zz3645/rot_MRBC_wider/wider_rot_mrbc.ipynb", line 1354, in <module>
Traceback (most recent call last):
  File "/scratch/zz3645/rot_MRBC_wider/wider_rot_mrbc.ipynb", line 1354, in <module>
    "execution_count": null,
NameError: name 'null' is not defined
    "execution_count": null,
NameError: name 'null' is not defined
Traceback (most recent call last):
  File "/scratch/zz3645/rot_MRBC_wider/wider_rot_mrbc.ipynb", line 1354, in <module>
    "execution_count": null,
NameError: name 'null' is not defined
Traceback (most recent call last):
  File "/scratch/zz3645/rot_MRBC_wider/wider_rot_mrbc.ipynb", line 1354, in <module>
    "execution_count": null,
NameError: name 'null' is not defined
Traceback (most recent call last):
  File "/scratch/zz3645/rot_MRBC_wider/wider_rot_mrbc.ipynb", line 1354, in <module>
    "execution_count": null,
NameError: name 'null' is not defined
Traceback (most recent call last):
  File "/scratch/zz3645/rot_MRBC_wider/wider_rot_mrbc.ipynb", line 1354, in <module>
    "execution_count": null,
NameError: name 'null' is not defined
Traceback (most recent call last):
  File "/scratch/zz3645/rot_MRBC_wider/wider_rot_mrbc.ipynb", line 1354, in <module>
    "execution_count": null,
NameError: name 'null' is not defined
srun: error: cs443: tasks 85-87,89: Terminated
srun: error: cs442: tasks 70-77,79: Terminated
srun: error: cs442: task 78: Exited with exit code 1
srun: error: cs441: tasks 60-69: Terminated
srun: error: cs438: tasks 30-39: Terminated
srun: error: cs444: tasks 90-99: Terminated
srun: error: cs440: tasks 50-59: Terminated
srun: error: cs268: tasks 10-19: Terminated
srun: error: cs267: tasks 0-9: Terminated
srun: error: cs269: tasks 20-29: Terminated
srun: error: cs439: tasks 40-49: Terminated
srun: Force Terminated StepId=39271648.0
